[29-Oct-2018 16:41:09 Asia/Colombo] PHP Fatal error:  Uncaught Error: Class 'Leaves\Common\Model\HoliDay' not found in /Users/bayoe/Projects/DEMO/icehrm_v24.0.0.OS/core/src/TimeSheets/User/Api/TimeSheetsActionManager.php:218
Stack trace:
#0 /Users/bayoe/Projects/DEMO/icehrm_v24.0.0.OS/core/service.php(160): TimeSheets\User\Api\TimeSheetsActionManager->getEmployeeTimeEntries(Object(stdClass))
#1 /Users/bayoe/Projects/DEMO/icehrm_v24.0.0.OS/app/service.php(3): include('/Users/bayoe/Pr...')
#2 {main}
  thrown in /Users/bayoe/Projects/DEMO/icehrm_v24.0.0.OS/core/src/TimeSheets/User/Api/TimeSheetsActionManager.php on line 218
[2018-10-29 16:41:09] Ice Hrm.INFO:  [] []
[29-Oct-2018 16:41:09 Asia/Colombo] PHP Fatal error:  Uncaught Error: Class 'Leaves\Common\Model\HoliDay' not found in /Users/bayoe/Projects/DEMO/icehrm_v24.0.0.OS/core/src/TimeSheets/User/Api/TimeSheetsActionManager.php:218
Stack trace:
#0 /Users/bayoe/Projects/DEMO/icehrm_v24.0.0.OS/core/service.php(160): TimeSheets\User\Api\TimeSheetsActionManager->getEmployeeTimeEntries(Object(stdClass))
#1 /Users/bayoe/Projects/DEMO/icehrm_v24.0.0.OS/app/service.php(3): include('/Users/bayoe/Pr...')
#2 {main}
  thrown in /Users/bayoe/Projects/DEMO/icehrm_v24.0.0.OS/core/src/TimeSheets/User/Api/TimeSheetsActionManager.php on line 218
[2018-10-29 16:41:09] Ice Hrm.INFO:  [] []
[29-Oct-2018 16:41:09 Asia/Colombo] PHP Fatal error:  Uncaught Error: Class 'Leaves\Common\Model\HoliDay' not found in /Users/bayoe/Projects/DEMO/icehrm_v24.0.0.OS/core/src/TimeSheets/User/Api/TimeSheetsActionManager.php:218
Stack trace:
#0 /Users/bayoe/Projects/DEMO/icehrm_v24.0.0.OS/core/service.php(160): TimeSheets\User\Api\TimeSheetsActionManager->getEmployeeTimeEntries(Object(stdClass))
#1 /Users/bayoe/Projects/DEMO/icehrm_v24.0.0.OS/app/service.php(3): include('/Users/bayoe/Pr...')
#2 {main}
  thrown in /Users/bayoe/Projects/DEMO/icehrm_v24.0.0.OS/core/src/TimeSheets/User/Api/TimeSheetsActionManager.php on line 218
[2018-10-29 16:41:52] Ice Hrm.INFO:  [] []
[2018-10-29 16:41:52] Ice Hrm.INFO:  [] []
[29-Oct-2018 16:41:52 Asia/Colombo] PHP Fatal error:  Uncaught Error: Class 'Leaves\Common\Model\HoliDay' not found in /Users/bayoe/Projects/DEMO/icehrm_v24.0.0.OS/core/src/TimeSheets/User/Api/TimeSheetsActionManager.php:218
Stack trace:
#0 /Users/bayoe/Projects/DEMO/icehrm_v24.0.0.OS/core/service.php(160): TimeSheets\User\Api\TimeSheetsActionManager->getEmployeeTimeEntries(Object(stdClass))
#1 /Users/bayoe/Projects/DEMO/icehrm_v24.0.0.OS/app/service.php(3): include('/Users/bayoe/Pr...')
#2 {main}
  thrown in /Users/bayoe/Projects/DEMO/icehrm_v24.0.0.OS/core/src/TimeSheets/User/Api/TimeSheetsActionManager.php on line 218
[2018-10-29 16:41:53] Ice Hrm.INFO:  [] []
[29-Oct-2018 16:41:53 Asia/Colombo] PHP Fatal error:  Uncaught Error: Class 'Leaves\Common\Model\HoliDay' not found in /Users/bayoe/Projects/DEMO/icehrm_v24.0.0.OS/core/src/TimeSheets/User/Api/TimeSheetsActionManager.php:218
Stack trace:
#0 /Users/bayoe/Projects/DEMO/icehrm_v24.0.0.OS/core/service.php(160): TimeSheets\User\Api\TimeSheetsActionManager->getEmployeeTimeEntries(Object(stdClass))
#1 /Users/bayoe/Projects/DEMO/icehrm_v24.0.0.OS/app/service.php(3): include('/Users/bayoe/Pr...')
#2 {main}
  thrown in /Users/bayoe/Projects/DEMO/icehrm_v24.0.0.OS/core/src/TimeSheets/User/Api/TimeSheetsActionManager.php on line 218
[2018-10-29 16:41:53] Ice Hrm.INFO:  [] []
[29-Oct-2018 16:41:53 Asia/Colombo] PHP Fatal error:  Uncaught Error: Class 'Leaves\Common\Model\HoliDay' not found in /Users/bayoe/Projects/DEMO/icehrm_v24.0.0.OS/core/src/TimeSheets/User/Api/TimeSheetsActionManager.php:218
Stack trace:
#0 /Users/bayoe/Projects/DEMO/icehrm_v24.0.0.OS/core/service.php(160): TimeSheets\User\Api\TimeSheetsActionManager->getEmployeeTimeEntries(Object(stdClass))
#1 /Users/bayoe/Projects/DEMO/icehrm_v24.0.0.OS/app/service.php(3): include('/Users/bayoe/Pr...')
#2 {main}
  thrown in /Users/bayoe/Projects/DEMO/icehrm_v24.0.0.OS/core/src/TimeSheets/User/Api/TimeSheetsActionManager.php on line 218
[2018-10-29 16:55:10] Ice Hrm.ERROR: Custom:[] [] []
[2018-10-29 16:55:22] Ice Hrm.ERROR: Custom:[] [] []
[2018-10-29 16:56:12] Ice Hrm.ERROR: Custom:[] [] []
[2018-10-29 16:56:17] Ice Hrm.ERROR: Custom:[] [] []
[2018-10-29 16:56:21] Ice Hrm.ERROR: Custom:[] [] []
[2018-10-29 16:56:26] Ice Hrm.ERROR: Custom:[] [] []
[2018-10-29 16:56:36] Ice Hrm.ERROR: Custom:[] [] []
[2018-10-29 16:56:42] Ice Hrm.ERROR: Custom:[] [] []
[2018-10-29 16:56:57] Ice Hrm.ERROR: Custom:[] [] []
[2018-10-29 16:57:02] Ice Hrm.ERROR: Custom:[] [] []
[2018-10-29 16:57:06] Ice Hrm.ERROR: Custom:[] [] []
[2018-10-29 16:57:14] Ice Hrm.ERROR: Custom:[] [] []
[2018-10-29 16:57:19] Ice Hrm.ERROR: Custom:[] [] []
[2018-10-29 16:57:24] Ice Hrm.ERROR: Custom:[] [] []
[2018-10-29 16:57:35] Ice Hrm.ERROR: Custom:[] [] []
[2018-10-29 16:57:39] Ice Hrm.ERROR: Custom:[] [] []
[2018-10-29 16:57:50] Ice Hrm.ERROR: Custom:[] [] []
[2018-10-29 16:57:57] Ice Hrm.ERROR: Custom:[] [] []
[2018-10-29 16:58:19] Ice Hrm.ERROR: Custom:[] [] []
[2018-10-29 16:58:27] Ice Hrm.ERROR: Custom:[] [] []
[2018-10-29 17:02:31] Ice Hrm.ERROR: Custom:[] [] []
[2018-10-29 17:02:42] Ice Hrm.ERROR: Custom:[] [] []
[2018-10-29 17:02:57] Ice Hrm.ERROR: Custom:[] [] []
[2018-10-29 17:03:23] Ice Hrm.ERROR: Custom:[] [] []
[2018-10-29 17:03:35] Ice Hrm.ERROR: Custom:[] [] []
[2018-10-29 17:03:53] Ice Hrm.ERROR: Custom:[] [] []
[2018-10-29 17:04:14] Ice Hrm.ERROR: Custom:[] [] []
[2018-10-29 17:04:51] Ice Hrm.ERROR: Custom:[] [] []
[2018-10-29 17:04:59] Ice Hrm.ERROR: Custom:[] [] []
[2018-10-29 17:05:10] Ice Hrm.ERROR: Custom:[] [] []
[2018-10-29 17:05:34] Ice Hrm.ERROR: Custom:[] [] []
[2018-10-29 17:05:46] Ice Hrm.ERROR: Custom:[] [] []
[2018-10-29 17:06:01] Ice Hrm.ERROR: Custom:[] [] []
[2018-10-29 17:06:16] Ice Hrm.ERROR: Custom:[] [] []
[2018-10-29 17:06:26] Ice Hrm.ERROR: Custom:[] [] []
[2018-10-29 17:06:44] Ice Hrm.ERROR: Custom:[] [] []
[2018-10-29 17:06:50] Ice Hrm.ERROR: Custom:[] [] []
[2018-10-29 17:07:17] Ice Hrm.ERROR: Custom:[] [] []
[2018-10-29 17:07:38] Ice Hrm.ERROR: Custom:[] [] []
[2018-10-29 17:07:45] Ice Hrm.ERROR: Custom:[] [] []
[2018-10-29 17:08:07] Ice Hrm.ERROR: Custom:[] [] []
[2018-10-29 17:08:21] Ice Hrm.ERROR: Custom:[] [] []
[2018-10-29 17:08:31] Ice Hrm.ERROR: Custom:[] [] []
[2018-10-29 17:08:52] Ice Hrm.ERROR: Custom:[] [] []
[2018-10-29 17:09:03] Ice Hrm.ERROR: Custom:[] [] []
[2018-10-29 17:09:24] Ice Hrm.ERROR: Custom:[] [] []
[2018-10-29 17:09:33] Ice Hrm.ERROR: Custom:[] [] []
[2018-10-29 17:09:55] Ice Hrm.ERROR: Custom:[] [] []
[2018-10-29 17:10:04] Ice Hrm.ERROR: Custom:[] [] []
[2018-10-29 17:10:27] Ice Hrm.ERROR: Custom:[] [] []
[2018-10-29 17:10:37] Ice Hrm.ERROR: Custom:[] [] []
[2018-10-29 17:10:59] Ice Hrm.ERROR: Custom:[] [] []
[2018-10-29 17:11:09] Ice Hrm.ERROR: Custom:[] [] []
[2018-10-29 17:11:31] Ice Hrm.ERROR: Custom:[] [] []
[2018-10-29 17:11:53] Ice Hrm.ERROR: Custom:[] [] []
[2018-10-29 17:12:10] Ice Hrm.ERROR: Custom:[] [] []
[2018-10-29 17:12:27] Ice Hrm.ERROR: Custom:[] [] []
[2018-10-29 19:48:29] Ice Hrm.INFO: file size =4027 [] []
[2018-10-29 19:48:29] Ice Hrm.INFO: file size limit =10485760 [] []
[2018-10-29 19:48:29] Ice Hrm.INFO: |||||app [] []
[2018-10-29 19:48:32] Ice Hrm.ERROR: Custom:[] [] []
[2018-10-30 05:49:19] Ice Hrm.INFO: System Lang:id [] []
[2018-10-30 05:49:19] Ice Hrm.INFO: System Lang:id [] []
[2018-10-30 05:49:19] Ice Hrm.INFO: System Lang:id [] []
[2018-10-30 05:49:19] Ice Hrm.INFO: System Lang:id [] []
[2018-10-30 05:49:19] Ice Hrm.INFO: System Lang:id [] []
[2018-10-30 05:49:19] Ice Hrm.INFO: System Lang:id [] []
[2018-10-30 05:49:19] Ice Hrm.INFO: System Lang:id [] []
[2018-10-30 05:49:19] Ice Hrm.INFO: System Lang:id [] []
[2018-10-30 05:49:19] Ice Hrm.INFO: System Lang:id [] []
[2018-10-30 05:49:19] Ice Hrm.INFO: System Lang:id [] []
[2018-10-30 05:49:19] Ice Hrm.INFO: System Lang:id [] []
[2018-10-30 05:49:19] Ice Hrm.INFO: System Lang:id [] []
[2018-10-30 05:49:19] Ice Hrm.INFO: System Lang:id [] []
[2018-10-30 05:49:19] Ice Hrm.INFO: System Lang:id [] []
[2018-10-30 05:49:19] Ice Hrm.INFO: System Lang:id [] []
[2018-10-30 05:49:19] Ice Hrm.INFO: System Lang:id [] []
[2018-10-30 05:49:19] Ice Hrm.INFO: System Lang:id [] []
[2018-10-30 05:49:19] Ice Hrm.INFO: System Lang:id [] []
[2018-10-30 05:49:19] Ice Hrm.INFO: System Lang:id [] []
[2018-10-30 05:49:19] Ice Hrm.INFO: System Lang:id [] []
[2018-10-30 05:49:19] Ice Hrm.INFO: System Lang:id [] []
[2018-10-30 05:49:19] Ice Hrm.INFO: System Lang:id [] []
[2018-10-30 05:49:19] Ice Hrm.INFO: System Lang:id [] []
[2018-10-30 05:49:19] Ice Hrm.INFO: System Lang:id [] []
[2018-10-30 05:49:19] Ice Hrm.INFO: System Lang:id [] []
[2018-10-30 05:49:19] Ice Hrm.INFO: System Lang:id [] []
[2018-10-30 05:49:19] Ice Hrm.INFO: System Lang:id [] []
[2018-10-30 05:49:19] Ice Hrm.INFO: System Lang:id [] []
[2018-10-30 05:49:19] Ice Hrm.INFO: System Lang:id [] []
[2018-10-30 05:49:19] Ice Hrm.INFO: System Lang:id [] []
[2018-10-30 05:49:19] Ice Hrm.INFO: System Lang:id [] []
[2018-10-30 05:49:19] Ice Hrm.INFO: System Lang:id [] []
[2018-10-30 05:49:19] Ice Hrm.INFO: System Lang:id [] []
[2018-10-30 05:49:19] Ice Hrm.INFO: System Lang:id [] []
[2018-10-30 05:49:19] Ice Hrm.INFO: System Lang:id [] []
[2018-10-30 05:49:19] Ice Hrm.INFO: System Lang:id [] []
[2018-10-30 05:49:19] Ice Hrm.INFO: System Lang:id [] []
[2018-10-30 05:49:19] Ice Hrm.INFO: System Lang:id [] []
[2018-10-30 05:49:19] Ice Hrm.INFO: System Lang:id [] []
[2018-10-30 05:49:19] Ice Hrm.INFO: System Lang:id [] []
[2018-10-30 05:49:19] Ice Hrm.INFO: System Lang:id [] []
[2018-10-30 05:49:19] Ice Hrm.INFO: System Lang:id [] []
[2018-10-30 05:49:19] Ice Hrm.INFO: System Lang:id [] []
[2018-10-30 05:49:19] Ice Hrm.INFO: System Lang:id [] []
[2018-10-30 05:49:19] Ice Hrm.INFO: System Lang:id [] []
[2018-10-30 06:02:34] Ice Hrm.ERROR: Custom:[] [] []
[2018-10-30 06:06:41] Ice Hrm.ERROR: Custom:[] [] []
[2018-10-30 06:06:53] Ice Hrm.ERROR: Custom:[] [] []
[2018-10-30 06:07:47] Ice Hrm.ERROR: Custom:[] [] []
[2018-10-30 06:07:57] Ice Hrm.ERROR: Custom:[] [] []
[2018-10-30 06:08:24] Ice Hrm.ERROR: Custom:[] [] []
[2018-10-30 06:09:44] Ice Hrm.ERROR: Custom:[] [] []
[2018-10-30 06:09:56] Ice Hrm.ERROR: Custom:[] [] []
[2018-10-30 06:11:45] Ice Hrm.ERROR: Custom:[] [] []
[2018-10-30 06:14:30] Ice Hrm.ERROR: Custom:[] [] []
[2018-10-30 06:14:41] Ice Hrm.ERROR: Custom:[] [] []
[2018-10-30 06:15:32] Ice Hrm.ERROR: Custom:[] [] []
[2018-10-30 06:16:16] Ice Hrm.ERROR: Custom:[] [] []
[2018-10-30 06:16:35] Ice Hrm.ERROR: Custom:[] [] []
[2018-10-30 06:17:38] Ice Hrm.ERROR: Custom:[] [] []
[2018-10-30 06:18:05] Ice Hrm.ERROR: Custom:[] [] []
[2018-10-30 06:19:05] Ice Hrm.ERROR: Custom:[] [] []
[2018-10-30 06:20:05] Ice Hrm.ERROR: Custom:[] [] []
[2018-10-30 06:21:27] Ice Hrm.ERROR: Custom:[] [] []
[2018-10-30 06:22:21] Ice Hrm.ERROR: Custom:[] [] []
[2018-10-30 06:23:01] Ice Hrm.ERROR: Custom:[] [] []
[2018-10-30 06:23:17] Ice Hrm.ERROR: Custom:[] [] []
[2018-10-30 06:23:30] Ice Hrm.ERROR: Custom:[] [] []
[2018-10-30 06:24:04] Ice Hrm.ERROR: Custom:[] [] []
[2018-10-30 06:27:04] Ice Hrm.ERROR: Custom:[] [] []
[2018-10-30 06:28:38] Ice Hrm.ERROR: Custom:[] [] []
[2018-10-30 06:31:02] Ice Hrm.ERROR: Custom:[] [] []
[2018-10-30 06:31:48] Ice Hrm.ERROR: Custom:[] [] []
[2018-10-30 06:31:56] Ice Hrm.ERROR: Custom:[] [] []
[2018-10-30 06:32:04] Ice Hrm.ERROR: Custom:[] [] []
[2018-10-30 06:32:13] Ice Hrm.ERROR: Custom:[] [] []
[2018-10-30 06:32:28] Ice Hrm.ERROR: Custom:[] [] []
[2018-10-30 06:33:16] Ice Hrm.ERROR: Custom:[] [] []
[2018-10-30 06:33:27] Ice Hrm.ERROR: Custom:[] [] []
[2018-10-30 06:33:41] Ice Hrm.ERROR: Custom:[] [] []
[2018-10-30 06:33:51] Ice Hrm.ERROR: Custom:[] [] []
[2018-10-30 06:34:19] Ice Hrm.ERROR: Custom:[] [] []
[30-Oct-2018 06:34:42 Asia/Colombo] {"status":"SUCCESS","data":[{"table":"CompanyStructures","keysToIgnore":["_table","_dbat","_tableat","_where","_saved","_lasterr","_original","foreignName","a","t"],"_dbat":"Company\\Common\\Model\\CompanyStructures","_table":"CompanyStructures","_tableat":"CompanyStructures","_where":null,"_saved":true,"_lasterr":false,"_original":["4","Razorfish","Division of PT. Star Reacher Indonesia","Gedung Noble House\nJalan Dr.Ide Anak Agung Gde Agung Kav. E 4.2\nKuningan, Jakarta Selatan","Regional Office","ID","1","Asia\/Jakarta","[]"],"foreignName":"company\\common\\model\\companystructure","id":"4","title":"Razorfish","description":"Division of PT. Star Reacher Indonesia","address":"Gedung Noble House\nJalan Dr.Ide Anak Agung Gde Agung Kav. E 4.2\nKuningan, Jakarta Selatan","type":"Regional Office","country":"ID","parent":"1","timezone":"Asia\/Jakarta","heads":"[]"},{"table":"CompanyStructures","keysToIgnore":["_table","_dbat","_tableat","_where","_saved","_lasterr","_original","foreignName","a","t"],"_dbat":"Company\\Common\\Model\\CompanyStructures","_table":"CompanyStructures","_tableat":"CompanyStructures","_where":null,"_saved":true,"_lasterr":false,"_original":["5","Solutions","Powered by Razorfish","Jl. M.H. Thamrin No.Kav 3, RT.2\/RW.1\nMenteng, Jakarta Pusat","Regional Office","ID","1","Asia\/Jakarta","[]"],"foreignName":"company\\common\\model\\companystructure","id":"5","title":"Solutions","description":"Powered by Razorfish","address":"Jl. M.H. Thamrin No.Kav 3, RT.2\/RW.1\nMenteng, Jakarta Pusat","type":"Regional Office","country":"ID","parent":"1","timezone":"Asia\/Jakarta","heads":"[]"},{"table":"CompanyStructures","keysToIgnore":["_table","_dbat","_tableat","_where","_saved","_lasterr","_original","foreignName","a","t"],"_dbat":"Company\\Common\\Model\\CompanyStructures","_table":"CompanyStructures","_tableat":"CompanyStructures","_where":"id = ?","_saved":true,"_lasterr":false,"_original":["1","PT Star Reacher Indonesia","Head company","Gedung Jamsostek\nJalan Jend. Gatot Subroto No.Kav.38, RT.6\/RW.1, Kuningan Barat\nJakarta Selatan","Head Office","ID",null,"Asia\/Jakarta","[\"1\"]"],"foreignName":"company\\common\\model\\companystructure","id":"1","title":"PT Star Reacher Indonesia","description":"Head company","address":"Gedung Jamsostek\nJalan Jend. Gatot Subroto No.Kav.38, RT.6\/RW.1, Kuningan Barat\nJakarta Selatan","type":"Head Office","country":"ID","parent":null,"timezone":"Asia\/Jakarta","heads":"[\"1\"]"}],"code":null}
[30-Oct-2018 06:34:42 Asia/Colombo] Employees:[{"table":"PayrollEmployees","keysToIgnore":["_table","_dbat","_tableat","_where","_saved","_lasterr","_original","foreignName","a","t"],"_dbat":"Salary\\Common\\Model\\PayrollEmployees","_table":"PayrollEmployees","_tableat":"PayrollEmployees","_where":null,"_saved":true,"_lasterr":false,"_original":["1","2","4","64","[]","[]","1"],"foreignName":"salary\\common\\model\\payrollemployee","id":"1","employee":"2","pay_frequency":"4","currency":"64","deduction_exemptions":"[]","deduction_allowed":"[]","deduction_group":"1"}]
[2018-10-30 06:34:42] Ice Hrm.INFO: salary components row:["1"] [] []
[2018-10-30 06:34:42] Ice Hrm.INFO: salary components:Array [] []
[2018-10-30 06:34:42] Ice Hrm.INFO: salary components row:["2"] [] []
[2018-10-30 06:34:42] Ice Hrm.INFO: salary components:Array [] []
[2018-10-30 06:34:42] Ice Hrm.INFO: salary components row:["3"] [] []
[2018-10-30 06:34:42] Ice Hrm.INFO: salary components:Array [] []
[2018-10-30 06:34:42] Ice Hrm.INFO: salary components row:["4"] [] []
[2018-10-30 06:34:42] Ice Hrm.INFO: salary components:Array [] []
[2018-10-30 06:34:42] Ice Hrm.INFO: salary components row:["6"] [] []
[2018-10-30 06:34:42] Ice Hrm.INFO: salary components:Array [] []
[2018-10-30 06:34:42] Ice Hrm.INFO: salary components row:[] [] []
[2018-10-30 06:34:42] Ice Hrm.INFO: salary components row:[] [] []
[2018-10-30 06:34:42] Ice Hrm.INFO: salary components row:[] [] []
[30-Oct-2018 06:35:05 Asia/Colombo] {"status":"SUCCESS","data":[{"table":"CompanyStructures","keysToIgnore":["_table","_dbat","_tableat","_where","_saved","_lasterr","_original","foreignName","a","t"],"_dbat":"Company\\Common\\Model\\CompanyStructures","_table":"CompanyStructures","_tableat":"CompanyStructures","_where":null,"_saved":true,"_lasterr":false,"_original":["4","Razorfish","Division of PT. Star Reacher Indonesia","Gedung Noble House\nJalan Dr.Ide Anak Agung Gde Agung Kav. E 4.2\nKuningan, Jakarta Selatan","Regional Office","ID","1","Asia\/Jakarta","[]"],"foreignName":"company\\common\\model\\companystructure","id":"4","title":"Razorfish","description":"Division of PT. Star Reacher Indonesia","address":"Gedung Noble House\nJalan Dr.Ide Anak Agung Gde Agung Kav. E 4.2\nKuningan, Jakarta Selatan","type":"Regional Office","country":"ID","parent":"1","timezone":"Asia\/Jakarta","heads":"[]"},{"table":"CompanyStructures","keysToIgnore":["_table","_dbat","_tableat","_where","_saved","_lasterr","_original","foreignName","a","t"],"_dbat":"Company\\Common\\Model\\CompanyStructures","_table":"CompanyStructures","_tableat":"CompanyStructures","_where":null,"_saved":true,"_lasterr":false,"_original":["5","Solutions","Powered by Razorfish","Jl. M.H. Thamrin No.Kav 3, RT.2\/RW.1\nMenteng, Jakarta Pusat","Regional Office","ID","1","Asia\/Jakarta","[]"],"foreignName":"company\\common\\model\\companystructure","id":"5","title":"Solutions","description":"Powered by Razorfish","address":"Jl. M.H. Thamrin No.Kav 3, RT.2\/RW.1\nMenteng, Jakarta Pusat","type":"Regional Office","country":"ID","parent":"1","timezone":"Asia\/Jakarta","heads":"[]"},{"table":"CompanyStructures","keysToIgnore":["_table","_dbat","_tableat","_where","_saved","_lasterr","_original","foreignName","a","t"],"_dbat":"Company\\Common\\Model\\CompanyStructures","_table":"CompanyStructures","_tableat":"CompanyStructures","_where":"id = ?","_saved":true,"_lasterr":false,"_original":["1","PT Star Reacher Indonesia","Head company","Gedung Jamsostek\nJalan Jend. Gatot Subroto No.Kav.38, RT.6\/RW.1, Kuningan Barat\nJakarta Selatan","Head Office","ID",null,"Asia\/Jakarta","[\"1\"]"],"foreignName":"company\\common\\model\\companystructure","id":"1","title":"PT Star Reacher Indonesia","description":"Head company","address":"Gedung Jamsostek\nJalan Jend. Gatot Subroto No.Kav.38, RT.6\/RW.1, Kuningan Barat\nJakarta Selatan","type":"Head Office","country":"ID","parent":null,"timezone":"Asia\/Jakarta","heads":"[\"1\"]"}],"code":null}
[30-Oct-2018 06:35:05 Asia/Colombo] Employees:[{"table":"PayrollEmployees","keysToIgnore":["_table","_dbat","_tableat","_where","_saved","_lasterr","_original","foreignName","a","t"],"_dbat":"Salary\\Common\\Model\\PayrollEmployees","_table":"PayrollEmployees","_tableat":"PayrollEmployees","_where":null,"_saved":true,"_lasterr":false,"_original":["1","2","4","64","[]","[]","1"],"foreignName":"salary\\common\\model\\payrollemployee","id":"1","employee":"2","pay_frequency":"4","currency":"64","deduction_exemptions":"[]","deduction_allowed":"[]","deduction_group":"1"}]
[2018-10-30 06:35:05] Ice Hrm.INFO: salary components row:["1"] [] []
[2018-10-30 06:35:05] Ice Hrm.INFO: salary components:Array [] []
[2018-10-30 06:35:05] Ice Hrm.INFO: salary components row:["2"] [] []
[2018-10-30 06:35:05] Ice Hrm.INFO: salary components:Array [] []
[2018-10-30 06:35:05] Ice Hrm.INFO: salary components row:["3"] [] []
[2018-10-30 06:35:05] Ice Hrm.INFO: salary components:Array [] []
[2018-10-30 06:35:05] Ice Hrm.INFO: salary components row:["4"] [] []
[2018-10-30 06:35:05] Ice Hrm.INFO: salary components:Array [] []
[2018-10-30 06:35:05] Ice Hrm.INFO: salary components row:["6"] [] []
[2018-10-30 06:35:05] Ice Hrm.INFO: salary components:Array [] []
[2018-10-30 06:35:05] Ice Hrm.INFO: salary components row:[] [] []
[2018-10-30 06:35:05] Ice Hrm.INFO: salary components row:[] [] []
[2018-10-30 06:35:05] Ice Hrm.INFO: salary components row:[] [] []
[2018-10-30 06:36:27] Ice Hrm.ERROR: Custom:{"csrf":"87fb9145d2ce950fedbc9398be0356778fe84fe2"} [] []
[2018-10-30 06:37:08] Ice Hrm.INFO: System Lang:id [] []
[2018-10-30 06:37:08] Ice Hrm.INFO: System Lang:id [] []
[2018-10-30 06:37:08] Ice Hrm.INFO: System Lang:id [] []
[2018-10-30 06:37:08] Ice Hrm.INFO: System Lang:id [] []
[2018-10-30 06:37:08] Ice Hrm.INFO: System Lang:id [] []
[2018-10-30 06:37:08] Ice Hrm.INFO: System Lang:id [] []
[2018-10-30 06:37:08] Ice Hrm.INFO: System Lang:id [] []
[2018-10-30 06:37:08] Ice Hrm.INFO: System Lang:id [] []
[2018-10-30 06:37:08] Ice Hrm.INFO: System Lang:id [] []
[2018-10-30 06:37:08] Ice Hrm.INFO: System Lang:id [] []
[2018-10-30 06:37:08] Ice Hrm.INFO: System Lang:id [] []
[2018-10-30 06:37:08] Ice Hrm.INFO: System Lang:id [] []
[2018-10-30 06:37:08] Ice Hrm.INFO: System Lang:id [] []
[2018-10-30 06:37:08] Ice Hrm.INFO: System Lang:id [] []
[2018-10-30 06:37:08] Ice Hrm.INFO: System Lang:id [] []
[2018-10-30 06:37:08] Ice Hrm.INFO: System Lang:id [] []
[2018-10-30 06:37:08] Ice Hrm.INFO: System Lang:id [] []
[2018-10-30 06:37:08] Ice Hrm.INFO: System Lang:id [] []
[2018-10-30 06:37:08] Ice Hrm.INFO: System Lang:id [] []
[2018-10-30 06:37:08] Ice Hrm.INFO: System Lang:id [] []
[2018-10-30 06:37:08] Ice Hrm.INFO: System Lang:id [] []
[2018-10-30 06:37:08] Ice Hrm.INFO: System Lang:id [] []
[2018-10-30 06:37:08] Ice Hrm.INFO: System Lang:id [] []
[2018-10-30 06:37:08] Ice Hrm.INFO: System Lang:id [] []
[2018-10-30 06:37:08] Ice Hrm.INFO: System Lang:id [] []
[2018-10-30 06:37:08] Ice Hrm.INFO: System Lang:id [] []
[2018-10-30 06:37:08] Ice Hrm.INFO: System Lang:id [] []
[2018-10-30 06:37:08] Ice Hrm.INFO: System Lang:id [] []
[2018-10-30 06:37:08] Ice Hrm.INFO: System Lang:id [] []
[2018-10-30 06:37:08] Ice Hrm.INFO: System Lang:id [] []
[2018-10-30 06:37:08] Ice Hrm.INFO: System Lang:id [] []
[2018-10-30 06:37:08] Ice Hrm.INFO: System Lang:id [] []
[2018-10-30 06:37:08] Ice Hrm.INFO: System Lang:id [] []
[2018-10-30 06:37:08] Ice Hrm.INFO: System Lang:id [] []
[2018-10-30 06:37:08] Ice Hrm.INFO: System Lang:id [] []
[2018-10-30 06:37:08] Ice Hrm.INFO: System Lang:id [] []
[2018-10-30 06:37:08] Ice Hrm.INFO: System Lang:id [] []
[2018-10-30 06:37:08] Ice Hrm.INFO: System Lang:id [] []
[2018-10-30 06:37:08] Ice Hrm.INFO: System Lang:id [] []
[2018-10-30 06:37:08] Ice Hrm.INFO: System Lang:id [] []
[2018-10-30 06:37:08] Ice Hrm.INFO: System Lang:id [] []
[2018-10-30 06:37:08] Ice Hrm.INFO: System Lang:id [] []
[2018-10-30 06:37:08] Ice Hrm.INFO: System Lang:id [] []
[2018-10-30 06:37:08] Ice Hrm.INFO: System Lang:id [] []
[2018-10-30 06:37:08] Ice Hrm.INFO: System Lang:id [] []
[2018-10-30 06:37:08] Ice Hrm.INFO: System Lang:id [] []
[2018-10-30 06:37:08] Ice Hrm.INFO: System Lang:id [] []
[2018-10-30 06:37:08] Ice Hrm.INFO: System Lang:id [] []
[2018-10-30 06:37:08] Ice Hrm.INFO: System Lang:id [] []
[2018-10-30 06:37:08] Ice Hrm.INFO: System Lang:id [] []
[2018-10-30 06:37:08] Ice Hrm.INFO: System Lang:id [] []
[2018-10-30 06:37:08] Ice Hrm.INFO: System Lang:id [] []
[2018-10-30 06:37:08] Ice Hrm.INFO: System Lang:id [] []
[2018-10-30 06:37:08] Ice Hrm.INFO: System Lang:id [] []
[2018-10-30 06:37:08] Ice Hrm.INFO: System Lang:id [] []
[2018-10-30 06:37:08] Ice Hrm.INFO: System Lang:id [] []
[2018-10-30 06:37:08] Ice Hrm.INFO: System Lang:id [] []
[2018-10-30 06:37:08] Ice Hrm.INFO: System Lang:id [] []
[2018-10-30 06:37:08] Ice Hrm.INFO: System Lang:id [] []
[2018-10-30 06:37:08] Ice Hrm.INFO: System Lang:id [] []
[2018-10-30 06:37:08] Ice Hrm.INFO: System Lang:id [] []
[2018-10-30 06:37:08] Ice Hrm.INFO: System Lang:id [] []
[2018-10-30 06:37:08] Ice Hrm.INFO: System Lang:id [] []
[2018-10-30 06:37:08] Ice Hrm.INFO: System Lang:id [] []
[2018-10-30 06:37:08] Ice Hrm.INFO: System Lang:id [] []
[2018-10-30 06:37:08] Ice Hrm.INFO: System Lang:id [] []
[2018-10-30 06:37:08] Ice Hrm.INFO: System Lang:id [] []
[2018-10-30 06:37:08] Ice Hrm.INFO: System Lang:id [] []
[2018-10-30 06:37:08] Ice Hrm.INFO: System Lang:id [] []
[2018-10-30 06:37:08] Ice Hrm.INFO: System Lang:id [] []
[2018-10-30 06:37:08] Ice Hrm.INFO: System Lang:id [] []
[2018-10-30 06:37:08] Ice Hrm.INFO: System Lang:id [] []
[2018-10-30 06:37:08] Ice Hrm.INFO: System Lang:id [] []
[2018-10-30 06:37:08] Ice Hrm.INFO: System Lang:id [] []
[2018-10-30 06:37:08] Ice Hrm.INFO: System Lang:id [] []
[2018-10-30 06:37:08] Ice Hrm.INFO: System Lang:id [] []
[2018-10-30 06:37:08] Ice Hrm.INFO: System Lang:id [] []
[2018-10-30 06:37:08] Ice Hrm.INFO: System Lang:id [] []
[2018-10-30 06:37:08] Ice Hrm.INFO: System Lang:id [] []
[2018-10-30 06:37:08] Ice Hrm.INFO: System Lang:id [] []
[2018-10-30 06:37:08] Ice Hrm.INFO: System Lang:id [] []
[2018-10-30 06:37:08] Ice Hrm.INFO: System Lang:id [] []
[2018-10-30 06:37:08] Ice Hrm.INFO: System Lang:id [] []
[2018-10-30 06:37:08] Ice Hrm.INFO: System Lang:id [] []
[2018-10-30 06:37:08] Ice Hrm.INFO: System Lang:id [] []
[2018-10-30 06:37:08] Ice Hrm.INFO: System Lang:id [] []
[2018-10-30 06:37:08] Ice Hrm.INFO: System Lang:id [] []
[2018-10-30 06:37:08] Ice Hrm.INFO: System Lang:id [] []
[2018-10-30 06:37:08] Ice Hrm.INFO: System Lang:id [] []
[2018-10-30 06:37:08] Ice Hrm.INFO: System Lang:id [] []
[2018-10-30 06:37:08] Ice Hrm.INFO: System Lang:id [] []
[2018-10-30 06:37:08] Ice Hrm.INFO: System Lang:id [] []
[2018-10-30 06:37:08] Ice Hrm.INFO: System Lang:id [] []
[2018-10-30 06:37:08] Ice Hrm.INFO: System Lang:id [] []
[2018-10-30 06:37:08] Ice Hrm.INFO: System Lang:id [] []
[2018-10-30 06:37:08] Ice Hrm.INFO: System Lang:id [] []
[2018-10-30 06:37:08] Ice Hrm.INFO: System Lang:id [] []
[2018-10-30 06:37:08] Ice Hrm.INFO: System Lang:id [] []
[2018-10-30 06:37:08] Ice Hrm.INFO: System Lang:id [] []
[2018-10-30 06:37:08] Ice Hrm.INFO: System Lang:id [] []
[2018-10-30 06:37:08] Ice Hrm.INFO: System Lang:id [] []
[2018-10-30 06:37:08] Ice Hrm.INFO: System Lang:id [] []
[2018-10-30 06:37:08] Ice Hrm.INFO: System Lang:id [] []
[2018-10-30 06:37:08] Ice Hrm.INFO: System Lang:id [] []
[2018-10-30 06:37:08] Ice Hrm.INFO: System Lang:id [] []
[2018-10-30 06:37:08] Ice Hrm.INFO: System Lang:id [] []
[2018-10-30 06:37:08] Ice Hrm.INFO: System Lang:id [] []
[2018-10-30 06:37:08] Ice Hrm.INFO: System Lang:id [] []
[2018-10-30 06:37:08] Ice Hrm.INFO: System Lang:id [] []
[2018-10-30 06:37:08] Ice Hrm.INFO: System Lang:id [] []
[2018-10-30 06:37:08] Ice Hrm.INFO: System Lang:id [] []
[2018-10-30 06:37:08] Ice Hrm.INFO: System Lang:id [] []
[2018-10-30 06:37:08] Ice Hrm.INFO: System Lang:id [] []
[2018-10-30 06:37:08] Ice Hrm.INFO: System Lang:id [] []
[2018-10-30 06:37:08] Ice Hrm.INFO: System Lang:id [] []
[2018-10-30 06:37:08] Ice Hrm.INFO: System Lang:id [] []
[2018-10-30 06:37:08] Ice Hrm.INFO: System Lang:id [] []
[2018-10-30 06:37:08] Ice Hrm.INFO: System Lang:id [] []
[2018-10-30 06:37:08] Ice Hrm.INFO: System Lang:id [] []
[2018-10-30 06:37:08] Ice Hrm.INFO: System Lang:id [] []
[2018-10-30 06:37:08] Ice Hrm.INFO: System Lang:id [] []
[2018-10-30 06:37:08] Ice Hrm.INFO: System Lang:id [] []
[2018-10-30 06:37:08] Ice Hrm.INFO: System Lang:id [] []
[2018-10-30 06:37:08] Ice Hrm.INFO: System Lang:id [] []
[2018-10-30 06:37:08] Ice Hrm.INFO: System Lang:id [] []
[2018-10-30 06:37:08] Ice Hrm.INFO: System Lang:id [] []
[2018-10-30 06:37:08] Ice Hrm.INFO: System Lang:id [] []
[2018-10-30 06:37:08] Ice Hrm.INFO: System Lang:id [] []
[2018-10-30 06:37:08] Ice Hrm.INFO: System Lang:id [] []
[2018-10-30 06:37:08] Ice Hrm.INFO: System Lang:id [] []
[2018-10-30 06:37:08] Ice Hrm.INFO: System Lang:id [] []
[2018-10-30 06:37:08] Ice Hrm.INFO: System Lang:id [] []
[2018-10-30 06:37:08] Ice Hrm.INFO: System Lang:id [] []
[2018-10-30 06:37:08] Ice Hrm.INFO: System Lang:id [] []
[2018-10-30 06:37:08] Ice Hrm.INFO: System Lang:id [] []
[2018-10-30 06:37:08] Ice Hrm.INFO: System Lang:id [] []
[2018-10-30 06:37:08] Ice Hrm.INFO: System Lang:id [] []
[2018-10-30 06:37:08] Ice Hrm.INFO: System Lang:id [] []
[2018-10-30 06:37:08] Ice Hrm.INFO: System Lang:id [] []
[2018-10-30 06:37:08] Ice Hrm.INFO: System Lang:id [] []
[2018-10-30 06:37:08] Ice Hrm.INFO: System Lang:id [] []
[2018-10-30 06:37:08] Ice Hrm.INFO: System Lang:id [] []
[2018-10-30 06:37:08] Ice Hrm.INFO: System Lang:id [] []
[2018-10-30 06:37:08] Ice Hrm.INFO: System Lang:id [] []
[2018-10-30 06:37:08] Ice Hrm.INFO: System Lang:id [] []
[2018-10-30 06:37:08] Ice Hrm.INFO: System Lang:id [] []
[2018-10-30 06:37:08] Ice Hrm.INFO: System Lang:id [] []
[2018-10-30 06:37:08] Ice Hrm.INFO: System Lang:id [] []
[2018-10-30 06:37:08] Ice Hrm.INFO: System Lang:id [] []
[2018-10-30 06:37:08] Ice Hrm.INFO: System Lang:id [] []
[2018-10-30 06:37:08] Ice Hrm.INFO: System Lang:id [] []
[2018-10-30 06:37:08] Ice Hrm.INFO: System Lang:id [] []
[2018-10-30 06:37:08] Ice Hrm.INFO: System Lang:id [] []
[2018-10-30 06:37:08] Ice Hrm.INFO: System Lang:id [] []
[2018-10-30 06:37:08] Ice Hrm.INFO: System Lang:id [] []
[2018-10-30 06:37:08] Ice Hrm.INFO: System Lang:id [] []
[2018-10-30 06:37:08] Ice Hrm.INFO: System Lang:id [] []
[2018-10-30 06:37:08] Ice Hrm.INFO: System Lang:id [] []
[2018-10-30 06:37:08] Ice Hrm.INFO: System Lang:id [] []
[2018-10-30 06:37:17] Ice Hrm.INFO: System Lang:id [] []
[2018-10-30 06:37:17] Ice Hrm.INFO: System Lang:id [] []
[2018-10-30 06:37:17] Ice Hrm.INFO: System Lang:id [] []
[2018-10-30 06:37:17] Ice Hrm.INFO: System Lang:id [] []
[2018-10-30 06:37:17] Ice Hrm.INFO: System Lang:id [] []
[2018-10-30 06:37:17] Ice Hrm.INFO: System Lang:id [] []
[2018-10-30 06:37:17] Ice Hrm.INFO: System Lang:id [] []
[2018-10-30 06:37:17] Ice Hrm.INFO: System Lang:id [] []
[2018-10-30 06:37:17] Ice Hrm.INFO: System Lang:id [] []
[2018-10-30 06:37:17] Ice Hrm.INFO: System Lang:id [] []
[2018-10-30 06:37:17] Ice Hrm.INFO: System Lang:id [] []
[2018-10-30 06:37:17] Ice Hrm.INFO: System Lang:id [] []
[2018-10-30 06:37:17] Ice Hrm.INFO: System Lang:id [] []
[2018-10-30 06:37:17] Ice Hrm.INFO: System Lang:id [] []
[2018-10-30 06:37:17] Ice Hrm.INFO: System Lang:id [] []
[2018-10-30 06:37:17] Ice Hrm.INFO: System Lang:id [] []
[2018-10-30 06:37:17] Ice Hrm.INFO: System Lang:id [] []
[2018-10-30 06:37:17] Ice Hrm.INFO: System Lang:id [] []
[2018-10-30 06:37:17] Ice Hrm.INFO: System Lang:id [] []
[2018-10-30 06:37:17] Ice Hrm.INFO: System Lang:id [] []
[2018-10-30 06:37:17] Ice Hrm.INFO: System Lang:id [] []
[2018-10-30 06:37:17] Ice Hrm.INFO: System Lang:id [] []
[2018-10-30 06:37:17] Ice Hrm.INFO: System Lang:id [] []
[2018-10-30 06:37:17] Ice Hrm.INFO: System Lang:id [] []
[2018-10-30 06:37:17] Ice Hrm.INFO: System Lang:id [] []
[2018-10-30 06:37:17] Ice Hrm.INFO: System Lang:id [] []
[2018-10-30 06:37:17] Ice Hrm.INFO: System Lang:id [] []
[2018-10-30 06:37:17] Ice Hrm.INFO: System Lang:id [] []
[2018-10-30 06:37:17] Ice Hrm.INFO: System Lang:id [] []
[2018-10-30 06:37:17] Ice Hrm.INFO: System Lang:id [] []
[2018-10-30 06:37:17] Ice Hrm.INFO: System Lang:id [] []
[2018-10-30 06:37:17] Ice Hrm.INFO: System Lang:id [] []
[2018-10-30 06:37:17] Ice Hrm.INFO: System Lang:id [] []
[2018-10-30 06:37:17] Ice Hrm.INFO: System Lang:id [] []
[2018-10-30 06:37:17] Ice Hrm.INFO: System Lang:id [] []
[2018-10-30 06:37:17] Ice Hrm.INFO: System Lang:id [] []
[2018-10-30 06:37:17] Ice Hrm.INFO: System Lang:id [] []
[2018-10-30 06:37:17] Ice Hrm.INFO: System Lang:id [] []
[2018-10-30 06:37:17] Ice Hrm.INFO: System Lang:id [] []
[2018-10-30 06:37:17] Ice Hrm.INFO: System Lang:id [] []
[2018-10-30 06:37:17] Ice Hrm.INFO: System Lang:id [] []
[2018-10-30 06:37:17] Ice Hrm.INFO: System Lang:id [] []
[2018-10-30 06:37:17] Ice Hrm.INFO: System Lang:id [] []
[2018-10-30 06:37:17] Ice Hrm.INFO: System Lang:id [] []
[2018-10-30 06:37:17] Ice Hrm.INFO: System Lang:id [] []
[2018-10-30 06:37:17] Ice Hrm.INFO: System Lang:id [] []
[2018-10-30 06:37:17] Ice Hrm.INFO: System Lang:id [] []
[2018-10-30 06:37:17] Ice Hrm.INFO: System Lang:id [] []
[2018-10-30 06:37:17] Ice Hrm.INFO: System Lang:id [] []
[2018-10-30 06:37:17] Ice Hrm.INFO: System Lang:id [] []
[2018-10-30 06:37:17] Ice Hrm.INFO: System Lang:id [] []
[2018-10-30 06:37:17] Ice Hrm.INFO: System Lang:id [] []
[2018-10-30 06:37:17] Ice Hrm.INFO: System Lang:id [] []
[2018-10-30 06:37:17] Ice Hrm.INFO: System Lang:id [] []
[2018-10-30 06:37:17] Ice Hrm.INFO: System Lang:id [] []
[2018-10-30 06:37:17] Ice Hrm.INFO: System Lang:id [] []
[2018-10-30 06:37:17] Ice Hrm.INFO: System Lang:id [] []
[2018-10-30 06:37:17] Ice Hrm.INFO: System Lang:id [] []
[2018-10-30 06:37:17] Ice Hrm.INFO: System Lang:id [] []
[2018-10-30 06:37:17] Ice Hrm.INFO: System Lang:id [] []
[2018-10-30 06:37:17] Ice Hrm.INFO: System Lang:id [] []
[2018-10-30 06:37:17] Ice Hrm.INFO: System Lang:id [] []
[2018-10-30 06:37:17] Ice Hrm.INFO: System Lang:id [] []
[2018-10-30 06:37:17] Ice Hrm.INFO: System Lang:id [] []
[2018-10-30 06:37:17] Ice Hrm.INFO: System Lang:id [] []
[2018-10-30 06:37:17] Ice Hrm.INFO: System Lang:id [] []
[2018-10-30 06:37:17] Ice Hrm.INFO: System Lang:id [] []
[2018-10-30 06:37:17] Ice Hrm.INFO: System Lang:id [] []
[2018-10-30 06:37:17] Ice Hrm.INFO: System Lang:id [] []
[2018-10-30 06:37:17] Ice Hrm.INFO: System Lang:id [] []
[2018-10-30 06:37:17] Ice Hrm.INFO: System Lang:id [] []
[2018-10-30 06:37:17] Ice Hrm.INFO: System Lang:id [] []
[2018-10-30 06:37:17] Ice Hrm.INFO: System Lang:id [] []
[2018-10-30 06:37:17] Ice Hrm.INFO: System Lang:id [] []
[2018-10-30 06:37:17] Ice Hrm.INFO: System Lang:id [] []
[2018-10-30 06:37:17] Ice Hrm.INFO: System Lang:id [] []
[2018-10-30 06:37:17] Ice Hrm.INFO: System Lang:id [] []
[2018-10-30 06:37:17] Ice Hrm.INFO: System Lang:id [] []
[2018-10-30 06:37:17] Ice Hrm.INFO: System Lang:id [] []
[2018-10-30 06:37:17] Ice Hrm.INFO: System Lang:id [] []
[2018-10-30 06:37:17] Ice Hrm.INFO: System Lang:id [] []
[2018-10-30 06:37:17] Ice Hrm.INFO: System Lang:id [] []
[2018-10-30 06:37:17] Ice Hrm.INFO: System Lang:id [] []
[2018-10-30 06:37:17] Ice Hrm.INFO: System Lang:id [] []
[2018-10-30 06:37:17] Ice Hrm.INFO: System Lang:id [] []
[2018-10-30 06:37:17] Ice Hrm.INFO: System Lang:id [] []
[2018-10-30 06:37:17] Ice Hrm.INFO: System Lang:id [] []
[2018-10-30 06:37:17] Ice Hrm.INFO: System Lang:id [] []
[2018-10-30 06:37:17] Ice Hrm.INFO: System Lang:id [] []
[2018-10-30 06:37:17] Ice Hrm.INFO: System Lang:id [] []
[2018-10-30 06:37:17] Ice Hrm.INFO: System Lang:id [] []
[2018-10-30 06:37:17] Ice Hrm.INFO: System Lang:id [] []
[2018-10-30 06:37:17] Ice Hrm.INFO: System Lang:id [] []
[2018-10-30 06:37:17] Ice Hrm.INFO: System Lang:id [] []
[2018-10-30 06:37:17] Ice Hrm.INFO: System Lang:id [] []
[2018-10-30 06:37:17] Ice Hrm.INFO: System Lang:id [] []
[2018-10-30 06:37:17] Ice Hrm.INFO: System Lang:id [] []
[2018-10-30 06:37:17] Ice Hrm.INFO: System Lang:id [] []
[2018-10-30 06:37:17] Ice Hrm.INFO: System Lang:id [] []
[2018-10-30 06:37:17] Ice Hrm.INFO: System Lang:id [] []
[2018-10-30 06:37:17] Ice Hrm.INFO: System Lang:id [] []
[2018-10-30 06:37:17] Ice Hrm.INFO: System Lang:id [] []
[2018-10-30 06:37:17] Ice Hrm.INFO: System Lang:id [] []
[2018-10-30 06:37:17] Ice Hrm.INFO: System Lang:id [] []
[2018-10-30 06:37:17] Ice Hrm.INFO: System Lang:id [] []
[2018-10-30 06:37:17] Ice Hrm.INFO: System Lang:id [] []
[2018-10-30 06:37:17] Ice Hrm.INFO: System Lang:id [] []
[2018-10-30 06:37:17] Ice Hrm.INFO: System Lang:id [] []
[2018-10-30 06:37:17] Ice Hrm.INFO: System Lang:id [] []
[2018-10-30 06:37:17] Ice Hrm.INFO: System Lang:id [] []
[2018-10-30 06:37:17] Ice Hrm.INFO: System Lang:id [] []
[2018-10-30 06:37:17] Ice Hrm.INFO: System Lang:id [] []
[2018-10-30 06:37:17] Ice Hrm.INFO: System Lang:id [] []
[2018-10-30 06:37:17] Ice Hrm.INFO: System Lang:id [] []
[2018-10-30 06:37:17] Ice Hrm.INFO: System Lang:id [] []
[2018-10-30 06:37:17] Ice Hrm.INFO: System Lang:id [] []
[2018-10-30 06:37:17] Ice Hrm.INFO: System Lang:id [] []
[2018-10-30 06:37:17] Ice Hrm.INFO: System Lang:id [] []
[2018-10-30 06:37:17] Ice Hrm.INFO: System Lang:id [] []
[2018-10-30 06:37:17] Ice Hrm.INFO: System Lang:id [] []
[2018-10-30 06:37:17] Ice Hrm.INFO: System Lang:id [] []
[2018-10-30 06:37:17] Ice Hrm.INFO: System Lang:id [] []
[2018-10-30 06:37:17] Ice Hrm.INFO: System Lang:id [] []
[2018-10-30 06:37:17] Ice Hrm.INFO: System Lang:id [] []
[2018-10-30 06:37:17] Ice Hrm.INFO: System Lang:id [] []
[2018-10-30 06:37:17] Ice Hrm.INFO: System Lang:id [] []
[2018-10-30 06:37:17] Ice Hrm.INFO: System Lang:id [] []
[2018-10-30 06:37:17] Ice Hrm.INFO: System Lang:id [] []
[2018-10-30 06:37:17] Ice Hrm.INFO: System Lang:id [] []
[2018-10-30 06:37:17] Ice Hrm.INFO: System Lang:id [] []
[2018-10-30 06:39:06] Ice Hrm.INFO: System Lang:id [] []
[2018-10-30 06:39:06] Ice Hrm.INFO: System Lang:id [] []
[2018-10-30 06:39:06] Ice Hrm.INFO: System Lang:id [] []
[2018-10-30 06:39:06] Ice Hrm.INFO: System Lang:id [] []
[2018-10-30 06:39:06] Ice Hrm.INFO: System Lang:id [] []
[2018-10-30 06:39:06] Ice Hrm.INFO: System Lang:id [] []
[2018-10-30 06:39:06] Ice Hrm.INFO: System Lang:id [] []
[2018-10-30 06:39:06] Ice Hrm.INFO: System Lang:id [] []
[2018-10-30 06:39:06] Ice Hrm.INFO: System Lang:id [] []
[2018-10-30 06:39:06] Ice Hrm.INFO: System Lang:id [] []
[2018-10-30 06:39:06] Ice Hrm.INFO: System Lang:id [] []
[2018-10-30 06:39:06] Ice Hrm.INFO: System Lang:id [] []
[2018-10-30 06:39:06] Ice Hrm.INFO: System Lang:id [] []
[2018-10-30 06:39:06] Ice Hrm.INFO: System Lang:id [] []
[2018-10-30 06:39:06] Ice Hrm.INFO: System Lang:id [] []
[2018-10-30 06:39:06] Ice Hrm.INFO: System Lang:id [] []
[2018-10-30 06:39:06] Ice Hrm.INFO: System Lang:id [] []
[2018-10-30 06:39:06] Ice Hrm.INFO: System Lang:id [] []
[2018-10-30 06:39:06] Ice Hrm.INFO: System Lang:id [] []
[2018-10-30 06:39:06] Ice Hrm.INFO: System Lang:id [] []
[2018-10-30 06:39:06] Ice Hrm.INFO: System Lang:id [] []
[2018-10-30 06:39:06] Ice Hrm.INFO: System Lang:id [] []
[2018-10-30 06:39:06] Ice Hrm.INFO: System Lang:id [] []
[2018-10-30 06:39:06] Ice Hrm.INFO: System Lang:id [] []
[2018-10-30 06:39:06] Ice Hrm.INFO: System Lang:id [] []
[2018-10-30 06:39:06] Ice Hrm.INFO: System Lang:id [] []
[2018-10-30 06:39:06] Ice Hrm.INFO: System Lang:id [] []
[2018-10-30 06:39:06] Ice Hrm.INFO: System Lang:id [] []
[2018-10-30 06:39:06] Ice Hrm.INFO: System Lang:id [] []
[2018-10-30 06:39:06] Ice Hrm.INFO: System Lang:id [] []
[2018-10-30 06:39:06] Ice Hrm.INFO: System Lang:id [] []
[2018-10-30 06:39:06] Ice Hrm.INFO: System Lang:id [] []
[2018-10-30 06:39:06] Ice Hrm.INFO: System Lang:id [] []
[2018-10-30 06:39:06] Ice Hrm.INFO: System Lang:id [] []
[2018-10-30 06:39:06] Ice Hrm.INFO: System Lang:id [] []
[2018-10-30 06:39:06] Ice Hrm.INFO: System Lang:id [] []
[2018-10-30 06:39:06] Ice Hrm.INFO: System Lang:id [] []
[2018-10-30 06:39:06] Ice Hrm.INFO: System Lang:id [] []
[2018-10-30 06:39:06] Ice Hrm.INFO: System Lang:id [] []
[2018-10-30 06:39:06] Ice Hrm.INFO: System Lang:id [] []
[2018-10-30 06:39:06] Ice Hrm.INFO: System Lang:id [] []
[2018-10-30 06:39:06] Ice Hrm.INFO: System Lang:id [] []
[2018-10-30 06:39:06] Ice Hrm.INFO: System Lang:id [] []
[2018-10-30 06:39:06] Ice Hrm.INFO: System Lang:id [] []
[2018-10-30 06:39:06] Ice Hrm.INFO: System Lang:id [] []
[2018-10-30 06:39:06] Ice Hrm.INFO: System Lang:id [] []
[2018-10-30 06:39:06] Ice Hrm.INFO: System Lang:id [] []
[2018-10-30 06:39:06] Ice Hrm.INFO: System Lang:id [] []
[2018-10-30 06:39:06] Ice Hrm.INFO: System Lang:id [] []
[2018-10-30 06:39:06] Ice Hrm.INFO: System Lang:id [] []
[2018-10-30 06:39:06] Ice Hrm.INFO: System Lang:id [] []
[2018-10-30 06:39:06] Ice Hrm.INFO: System Lang:id [] []
[2018-10-30 06:39:06] Ice Hrm.INFO: System Lang:id [] []
[2018-10-30 06:39:06] Ice Hrm.INFO: System Lang:id [] []
[2018-10-30 06:39:06] Ice Hrm.INFO: System Lang:id [] []
[2018-10-30 06:39:06] Ice Hrm.INFO: System Lang:id [] []
[2018-10-30 06:39:06] Ice Hrm.INFO: System Lang:id [] []
[2018-10-30 06:39:06] Ice Hrm.INFO: System Lang:id [] []
[2018-10-30 06:39:06] Ice Hrm.INFO: System Lang:id [] []
[2018-10-30 06:39:06] Ice Hrm.INFO: System Lang:id [] []
[2018-10-30 06:39:06] Ice Hrm.INFO: System Lang:id [] []
[2018-10-30 06:39:06] Ice Hrm.INFO: System Lang:id [] []
[2018-10-30 06:39:06] Ice Hrm.INFO: System Lang:id [] []
[2018-10-30 06:39:06] Ice Hrm.INFO: System Lang:id [] []
[2018-10-30 06:39:06] Ice Hrm.INFO: System Lang:id [] []
[2018-10-30 06:39:06] Ice Hrm.INFO: System Lang:id [] []
[2018-10-30 06:39:06] Ice Hrm.INFO: System Lang:id [] []
[2018-10-30 06:39:06] Ice Hrm.INFO: System Lang:id [] []
[2018-10-30 06:39:06] Ice Hrm.INFO: System Lang:id [] []
[2018-10-30 06:39:06] Ice Hrm.INFO: System Lang:id [] []
[2018-10-30 06:39:06] Ice Hrm.INFO: System Lang:id [] []
[2018-10-30 06:39:06] Ice Hrm.INFO: System Lang:id [] []
[2018-10-30 06:39:06] Ice Hrm.INFO: System Lang:id [] []
[2018-10-30 06:39:06] Ice Hrm.INFO: System Lang:id [] []
[2018-10-30 06:39:06] Ice Hrm.INFO: System Lang:id [] []
[2018-10-30 06:39:06] Ice Hrm.INFO: System Lang:id [] []
[2018-10-30 06:39:06] Ice Hrm.INFO: System Lang:id [] []
[2018-10-30 06:39:06] Ice Hrm.INFO: System Lang:id [] []
[2018-10-30 06:39:06] Ice Hrm.INFO: System Lang:id [] []
[2018-10-30 06:39:06] Ice Hrm.INFO: System Lang:id [] []
[2018-10-30 06:39:06] Ice Hrm.INFO: System Lang:id [] []
[2018-10-30 06:39:06] Ice Hrm.INFO: System Lang:id [] []
[2018-10-30 06:39:06] Ice Hrm.INFO: System Lang:id [] []
[2018-10-30 06:39:06] Ice Hrm.INFO: System Lang:id [] []
[2018-10-30 06:39:06] Ice Hrm.INFO: System Lang:id [] []
[2018-10-30 06:39:06] Ice Hrm.INFO: System Lang:id [] []
[2018-10-30 06:39:06] Ice Hrm.INFO: System Lang:id [] []
[2018-10-30 06:39:06] Ice Hrm.INFO: System Lang:id [] []
[2018-10-30 06:39:06] Ice Hrm.INFO: System Lang:id [] []
[2018-10-30 06:39:06] Ice Hrm.INFO: System Lang:id [] []
[2018-10-30 06:39:06] Ice Hrm.INFO: System Lang:id [] []
[2018-10-30 06:39:06] Ice Hrm.INFO: System Lang:id [] []
[2018-10-30 06:39:06] Ice Hrm.INFO: System Lang:id [] []
[2018-10-30 06:39:06] Ice Hrm.INFO: System Lang:id [] []
[2018-10-30 06:39:06] Ice Hrm.INFO: System Lang:id [] []
[2018-10-30 06:39:06] Ice Hrm.INFO: System Lang:id [] []
[2018-10-30 06:39:06] Ice Hrm.INFO: System Lang:id [] []
[2018-10-30 06:39:06] Ice Hrm.INFO: System Lang:id [] []
[2018-10-30 06:39:06] Ice Hrm.INFO: System Lang:id [] []
[2018-10-30 06:39:06] Ice Hrm.INFO: System Lang:id [] []
[2018-10-30 06:39:06] Ice Hrm.INFO: System Lang:id [] []
[2018-10-30 06:39:06] Ice Hrm.INFO: System Lang:id [] []
[2018-10-30 06:39:06] Ice Hrm.INFO: System Lang:id [] []
[2018-10-30 06:39:06] Ice Hrm.INFO: System Lang:id [] []
[2018-10-30 06:39:06] Ice Hrm.INFO: System Lang:id [] []
[2018-10-30 06:39:06] Ice Hrm.INFO: System Lang:id [] []
[2018-10-30 06:39:06] Ice Hrm.INFO: System Lang:id [] []
[2018-10-30 06:39:06] Ice Hrm.INFO: System Lang:id [] []
[2018-10-30 06:39:06] Ice Hrm.INFO: System Lang:id [] []
[2018-10-30 06:39:06] Ice Hrm.INFO: System Lang:id [] []
[2018-10-30 06:39:06] Ice Hrm.INFO: System Lang:id [] []
[2018-10-30 06:39:06] Ice Hrm.INFO: System Lang:id [] []
[2018-10-30 06:39:06] Ice Hrm.INFO: System Lang:id [] []
[2018-10-30 06:39:06] Ice Hrm.INFO: System Lang:id [] []
[2018-10-30 06:39:06] Ice Hrm.INFO: System Lang:id [] []
[2018-10-30 06:39:06] Ice Hrm.INFO: System Lang:id [] []
[2018-10-30 06:39:06] Ice Hrm.INFO: System Lang:id [] []
[2018-10-30 06:39:06] Ice Hrm.INFO: System Lang:id [] []
[2018-10-30 06:39:06] Ice Hrm.INFO: System Lang:id [] []
[2018-10-30 06:39:06] Ice Hrm.INFO: System Lang:id [] []
[2018-10-30 06:39:06] Ice Hrm.INFO: System Lang:id [] []
[2018-10-30 06:39:06] Ice Hrm.INFO: System Lang:id [] []
[2018-10-30 06:39:06] Ice Hrm.INFO: System Lang:id [] []
[2018-10-30 06:39:06] Ice Hrm.INFO: System Lang:id [] []
[2018-10-30 06:39:07] Ice Hrm.INFO: System Lang:id [] []
[2018-10-30 06:39:07] Ice Hrm.INFO: System Lang:id [] []
[2018-10-30 06:39:07] Ice Hrm.INFO: System Lang:id [] []
[2018-10-30 06:39:07] Ice Hrm.INFO: System Lang:id [] []
[2018-10-30 06:39:07] Ice Hrm.INFO: System Lang:id [] []
[2018-10-30 06:39:07] Ice Hrm.INFO: System Lang:id [] []
[2018-10-30 06:39:07] Ice Hrm.INFO: System Lang:id [] []
[2018-10-30 06:39:07] Ice Hrm.INFO: System Lang:id [] []
[2018-10-30 06:39:07] Ice Hrm.INFO: System Lang:id [] []
[2018-10-30 06:39:07] Ice Hrm.INFO: System Lang:id [] []
[2018-10-30 06:39:07] Ice Hrm.INFO: System Lang:id [] []
[2018-10-30 06:39:07] Ice Hrm.INFO: System Lang:id [] []
[2018-10-30 06:39:07] Ice Hrm.INFO: System Lang:id [] []
[2018-10-30 06:39:07] Ice Hrm.INFO: System Lang:id [] []
[2018-10-30 06:39:07] Ice Hrm.INFO: System Lang:id [] []
[2018-10-30 06:39:07] Ice Hrm.INFO: System Lang:id [] []
[2018-10-30 06:39:07] Ice Hrm.INFO: System Lang:id [] []
[2018-10-30 06:39:07] Ice Hrm.INFO: System Lang:id [] []
[2018-10-30 06:39:07] Ice Hrm.INFO: System Lang:id [] []
[2018-10-30 06:39:07] Ice Hrm.INFO: System Lang:id [] []
[2018-10-30 06:39:07] Ice Hrm.INFO: System Lang:id [] []
[2018-10-30 06:39:07] Ice Hrm.INFO: System Lang:id [] []
[2018-10-30 06:39:07] Ice Hrm.INFO: System Lang:id [] []
[2018-10-30 06:39:07] Ice Hrm.INFO: System Lang:id [] []
[2018-10-30 06:39:07] Ice Hrm.INFO: System Lang:id [] []
[2018-10-30 06:39:07] Ice Hrm.INFO: System Lang:id [] []
[2018-10-30 06:39:07] Ice Hrm.INFO: System Lang:id [] []
[2018-10-30 06:39:07] Ice Hrm.INFO: System Lang:id [] []
[2018-10-30 06:39:07] Ice Hrm.INFO: System Lang:id [] []
[2018-10-30 06:39:07] Ice Hrm.INFO: System Lang:id [] []
[2018-10-30 06:39:07] Ice Hrm.INFO: System Lang:id [] []
[2018-10-30 06:39:07] Ice Hrm.INFO: System Lang:id [] []
[2018-10-30 06:39:07] Ice Hrm.INFO: System Lang:id [] []
[2018-10-30 06:39:07] Ice Hrm.INFO: System Lang:id [] []
[2018-10-30 06:39:07] Ice Hrm.INFO: System Lang:id [] []
[2018-10-30 06:39:07] Ice Hrm.INFO: System Lang:id [] []
[2018-10-30 06:39:07] Ice Hrm.INFO: System Lang:id [] []
[30-Oct-2018 08:12:06 Asia/Jakarta] PHP Warning:  include(/Users/bayoe/Projects/DEMO/icehrm_v24.0.0.OS/core//admin/icehrm /index.php): failed to open stream: No such file or directory in /Users/bayoe/Projects/DEMO/icehrm_v24.0.0.OS/app/index.php on line 19
[30-Oct-2018 08:12:06 Asia/Jakarta] PHP Warning:  include(): Failed opening '/Users/bayoe/Projects/DEMO/icehrm_v24.0.0.OS/core//admin/icehrm /index.php' for inclusion (include_path='.:/Applications/MAMP/bin/php/php7.1.1/lib/php') in /Users/bayoe/Projects/DEMO/icehrm_v24.0.0.OS/app/index.php on line 19
